<?xml version="1.0" encoding="UTF-8"?><testrun name="Rerun selenium.test.TestRunner" project="test" tests="6" started="6" failures="2" errors="0" ignored="2">
  <testsuite name="selenium.test.TestRunner" time="1.992">
    <testsuite name="Feature: Search results where one can sort, filter and see details of resulting products" time="1.992">
      <testsuite name="Scenario Outline: Search and verify results" time="1.992">
        <testsuite name="Examples:" time="1.992">
          <testsuite name="| BL54BNB | Lowest price | Highest price |" time="1.983" incomplete="true">
            <failure>junit.framework.AssertionFailedError: expected:&lt;ChromeDriver: chrome on MAC (2c8cddd8959424c89b394e5d2232218a)&gt; but was:&lt;https://vehicleenquiry.service.gov.uk/&gt;
	at junit.framework.Assert.fail(Assert.java:57)
	at junit.framework.Assert.failNotEquals(Assert.java:329)
	at junit.framework.Assert.assertEquals(Assert.java:78)
	at junit.framework.Assert.assertEquals(Assert.java:86)
	at selenium.test.stepdefs.MyStepdefs.iGetPageToInputVehicleRegistrationNumber(MyStepdefs.java:36)
	at ✽.Then I get a page to enter vehicle registration number(src/main/java/selenium/test/features/SearchResults.feature:10)

</failure>
            <testcase name="Given I am a non-registered customer" classname="| BL54BNB | Lowest price | Highest price |" time="0.809"/>
            <testcase name="And I navigate to &quot;www.gov.uk/get-vehicle-information-from-dvla&quot;" classname="| BL54BNB | Lowest price | Highest price |" time="1.165"/>
            <testcase name="When I click on &quot;Start now&quot; button" classname="| BL54BNB | Lowest price | Highest price |" time="0.007"/>
            <testcase name="Then I get a page to enter vehicle registration number" classname="| BL54BNB | Lowest price | Highest price |" time="0.002">
              <failure>junit.framework.AssertionFailedError: expected:&lt;ChromeDriver: chrome on MAC (2c8cddd8959424c89b394e5d2232218a)&gt; but was:&lt;https://vehicleenquiry.service.gov.uk/&gt;
	at junit.framework.Assert.fail(Assert.java:57)
	at junit.framework.Assert.failNotEquals(Assert.java:329)
	at junit.framework.Assert.assertEquals(Assert.java:78)
	at junit.framework.Assert.assertEquals(Assert.java:86)
	at selenium.test.stepdefs.MyStepdefs.iGetPageToInputVehicleRegistrationNumber(MyStepdefs.java:36)
	at ✽.Then I get a page to enter vehicle registration number(src/main/java/selenium/test/features/SearchResults.feature:10)

</failure>
            </testcase>
            <testcase name="When I search for an item &quot;BL54BNB&quot;" classname="| BL54BNB | Lowest price | Highest price |" time="0.0" ignored="true"/>
            <testcase name="When I click on &quot;Continue&quot; button" classname="| BL54BNB | Lowest price | Highest price |" time="0.008" ignored="true"/>
          </testsuite>
        </testsuite>
      </testsuite>
    </testsuite>
  </testsuite>
</testrun>
